<?xml version="1.0" encoding="UTF-8"?>
<Site BuildName="Win32-MSBuild"
	BuildStamp="20251107-2309-Experimental"
	Name="LAPTOP-88NOE9UF"
	Generator="ctest-4.1.0"
	CompilerName="C:/Program Files (x86)/Microsoft Visual Studio/2022/BuildTools/VC/Tools/MSVC/14.44.35207/bin/Hostx86/x64/cl.exe"
	CompilerVersion="19.44.35215.0"
	OSName="Windows"
	Hostname="LAPTOP-88NOE9UF"
	OSRelease=" Professional"
	OSVersion=" (Build 26100)"
	OSPlatform="AMD64"
	Is64Bits="1"
	VendorString="GenuineIntel"
	VendorID="Intel Corporation"
	FamilyID="6"
	ModelID="10"
	ModelName=""
	ProcessorCacheSize="-1"
	NumberOfLogicalCPU="22"
	NumberOfPhysicalCPU="16"
	TotalVirtualMemory="42925"
	TotalPhysicalMemory="32173"
	LogicalProcessorsPerPhysical="1"
	ProcessorClockFrequency="2300"
	>
	<Testing>
		<StartDateTime>Dec 08 17:22 ̫ƽ[NON-UTF-8-BYTE-0xD1][NON-UTF-8-BYTE-0xF3][NON-UTF-8-BYTE-0xB1][NON-UTF-8-BYTE-0xEA]׼ʱ[NON-UTF-8-BYTE-0xBC][NON-UTF-8-BYTE-0xE4]</StartDateTime>
		<StartTestTime>1765243362</StartTestTime>
		<TestList/>
		<EndDateTime>Dec 08 17:22 ̫ƽ[NON-UTF-8-BYTE-0xD1][NON-UTF-8-BYTE-0xF3][NON-UTF-8-BYTE-0xB1][NON-UTF-8-BYTE-0xEA]׼ʱ[NON-UTF-8-BYTE-0xBC][NON-UTF-8-BYTE-0xE4]</EndDateTime>
		<EndTestTime>1765243362</EndTestTime>
		<ElapsedMinutes>0</ElapsedMinutes>
	</Testing>
</Site>
